<?xml version="1.0" encoding="UTF-8"?>
<!-- Generated by org.testng.reporters.JUnitXMLReporter -->
<testsuite ignored="0" hostname="DESKTOP-4IDR9O8" failures="1" tests="1" name="Test2" time="10.497" errors="0" timestamp="2023-07-02T11:49:12 MESZ">
  <testcase classname="de.blange.AddRemoveItemBasketTest" name="addRemoveItem" time="8.111">
    <failure type="java.lang.AssertionError" message="The total amount does not match the expected amount. It found $45.24, expected amount: $45.14">
      <![CDATA[java.lang.AssertionError: The total amount does not match the expected amount. It found $45.24, expected amount: $45.14
at de.blange.AddRemoveItemBasketTest.addRemoveItem(AddRemoveItemBasketTest.java:78)
at java.base/java.util.ArrayList.forEach(ArrayList.java:1511)
at java.base/java.util.concurrent.FutureTask.run(FutureTask.java:264)
at java.base/java.util.concurrent.ThreadPoolExecutor.runWorker(ThreadPoolExecutor.java:1136)
at java.base/java.util.concurrent.ThreadPoolExecutor$Worker.run(ThreadPoolExecutor.java:635)
at java.base/java.lang.Thread.run(Thread.java:833)
... Removed 19 stack frames]]>
    </failure>
  </testcase> <!-- addRemoveItem -->
</testsuite> <!-- Test2 -->
